This is pdfTeX, Version 3.141592653-2.6-1.40.23 (TeX Live 2021/W32TeX) (preloaded format=pdflatex 2021.10.25)  2 NOV 2021 22:29
entering extended mode
 restricted \write18 enabled.
 %&-line parsing enabled.
**chap2.tex
(./chap2.tex
LaTeX2e <2021-06-01> patch level 1
L3 programming layer <2021-10-18> (c:/Users/User/AppData/Roaming/TinyTeX/texmf-
dist/tex/latex/beamer/beamer.cls
Document Class: beamer 2021/10/18 v3.64 A class for typesetting presentations

(c:/Users/User/AppData/Roaming/TinyTeX/texmf-dist/tex/latex/beamer/beamerbasemo
des.sty
(c:/Users/User/AppData/Roaming/TinyTeX/texmf-dist/tex/latex/etoolbox/etoolbox.s
ty
Package: etoolbox 2020/10/05 v2.5k e-TeX tools for LaTeX (JAW)
\etb@tempcnta=\count182
)
\beamer@tempbox=\box50
\beamer@tempcount=\count183
\c@beamerpauses=\count184

(c:/Users/User/AppData/Roaming/TinyTeX/texmf-dist/tex/latex/beamer/beamerbasede
code.sty
\beamer@slideinframe=\count185
\beamer@minimum=\count186
\beamer@decode@box=\box51
)
\beamer@commentbox=\box52
\beamer@modecount=\count187
) (c:/Users/User/AppData/Roaming/TinyTeX/texmf-dist/tex/generic/iftex/ifpdf.sty
Package: ifpdf 2019/10/25 v3.4 ifpdf legacy package. Use iftex instead.
(c:/Users/User/AppData/Roaming/TinyTeX/texmf-dist/tex/generic/iftex/iftex.sty
Package: iftex 2020/03/06 v1.0d TeX engine tests
))
\headdp=\dimen138
\footheight=\dimen139
\sidebarheight=\dimen140
\beamer@tempdim=\dimen141
\beamer@finalheight=\dimen142
\beamer@animht=\dimen143
\beamer@animdp=\dimen144
\beamer@animwd=\dimen145
\beamer@leftmargin=\dimen146
\beamer@rightmargin=\dimen147
\beamer@leftsidebar=\dimen148
\beamer@rightsidebar=\dimen149
\beamer@boxsize=\dimen150
\beamer@vboxoffset=\dimen151
\beamer@descdefault=\dimen152
\beamer@descriptionwidth=\dimen153
\beamer@lastskip=\skip47
\beamer@areabox=\box53
\beamer@animcurrent=\box54
\beamer@animshowbox=\box55
\beamer@sectionbox=\box56
\beamer@logobox=\box57
\beamer@linebox=\box58
\beamer@sectioncount=\count188
\beamer@subsubsectionmax=\count189
\beamer@subsectionmax=\count190
\beamer@sectionmax=\count191
\beamer@totalheads=\count192
\beamer@headcounter=\count193
\beamer@partstartpage=\count194
\beamer@sectionstartpage=\count195
\beamer@subsectionstartpage=\count196
\beamer@animationtempa=\count197
\beamer@animationtempb=\count198
\beamer@xpos=\count199
\beamer@ypos=\count266
\beamer@ypos@offset=\count267
\beamer@showpartnumber=\count268
\beamer@currentsubsection=\count269
\beamer@coveringdepth=\count270
\beamer@sectionadjust=\count271
\beamer@toclastsection=\count272
\beamer@tocsectionnumber=\count273

(c:/Users/User/AppData/Roaming/TinyTeX/texmf-dist/tex/latex/beamer/beamerbaseop
tions.sty
(c:/Users/User/AppData/Roaming/TinyTeX/texmf-dist/tex/latex/graphics/keyval.sty
Package: keyval 2014/10/28 v1.15 key=value parser (DPC)
\KV@toks@=\toks16
))
\beamer@paperwidth=\skip48
\beamer@paperheight=\skip49

(c:/Users/User/AppData/Roaming/TinyTeX/texmf-dist/tex/latex/geometry/geometry.s
ty
Package: geometry 2020/01/02 v5.9 Page Geometry
(c:/Users/User/AppData/Roaming/TinyTeX/texmf-dist/tex/generic/iftex/ifvtex.sty
Package: ifvtex 2019/10/25 v1.7 ifvtex legacy package. Use iftex instead.
)
\Gm@cnth=\count274
\Gm@cntv=\count275
\c@Gm@tempcnt=\count276
\Gm@bindingoffset=\dimen154
\Gm@wd@mp=\dimen155
\Gm@odd@mp=\dimen156
\Gm@even@mp=\dimen157
\Gm@layoutwidth=\dimen158
\Gm@layoutheight=\dimen159
\Gm@layouthoffset=\dimen160
\Gm@layoutvoffset=\dimen161
\Gm@dimlist=\toks17
) (c:/Users/User/AppData/Roaming/TinyTeX/texmf-dist/tex/latex/base/size11.clo
File: size11.clo 2021/02/12 v1.4n Standard LaTeX file (size option)
)
(c:/Users/User/AppData/Roaming/TinyTeX/texmf-dist/tex/latex/pgf/basiclayer/pgfc
ore.sty
(c:/Users/User/AppData/Roaming/TinyTeX/texmf-dist/tex/latex/graphics/graphicx.s
ty
Package: graphicx 2020/12/05 v1.2c Enhanced LaTeX Graphics (DPC,SPQR)

(c:/Users/User/AppData/Roaming/TinyTeX/texmf-dist/tex/latex/graphics/graphics.s
ty
Package: graphics 2021/03/04 v1.4d Standard LaTeX Graphics (DPC,SPQR)
(c:/Users/User/AppData/Roaming/TinyTeX/texmf-dist/tex/latex/graphics/trig.sty
Package: trig 2016/01/03 v1.10 sin cos tan (DPC)
)
(c:/Users/User/AppData/Roaming/TinyTeX/texmf-dist/tex/latex/graphics-cfg/graphi
cs.cfg
File: graphics.cfg 2016/06/04 v1.11 sample graphics configuration
)
Package graphics Info: Driver file: pdftex.def on input line 107.

(c:/Users/User/AppData/Roaming/TinyTeX/texmf-dist/tex/latex/graphics-def/pdftex
.def
File: pdftex.def 2020/10/05 v1.2a Graphics/color driver for pdftex
))
\Gin@req@height=\dimen162
\Gin@req@width=\dimen163
)
(c:/Users/User/AppData/Roaming/TinyTeX/texmf-dist/tex/latex/pgf/systemlayer/pgf
sys.sty
(c:/Users/User/AppData/Roaming/TinyTeX/texmf-dist/tex/latex/pgf/utilities/pgfrc
s.sty
(c:/Users/User/AppData/Roaming/TinyTeX/texmf-dist/tex/generic/pgf/utilities/pgf
util-common.tex
\pgfutil@everybye=\toks18
\pgfutil@tempdima=\dimen164
\pgfutil@tempdimb=\dimen165

(c:/Users/User/AppData/Roaming/TinyTeX/texmf-dist/tex/generic/pgf/utilities/pgf
util-common-lists.tex))
(c:/Users/User/AppData/Roaming/TinyTeX/texmf-dist/tex/generic/pgf/utilities/pgf
util-latex.def
\pgfutil@abb=\box59
)
(c:/Users/User/AppData/Roaming/TinyTeX/texmf-dist/tex/generic/pgf/utilities/pgf
rcs.code.tex
(c:/Users/User/AppData/Roaming/TinyTeX/texmf-dist/tex/generic/pgf/pgf.revision.
tex)
Package: pgfrcs 2021/05/15 v3.1.9a (3.1.9a)
))
(c:/Users/User/AppData/Roaming/TinyTeX/texmf-dist/tex/generic/pgf/systemlayer/p
gfsys.code.tex
Package: pgfsys 2021/05/15 v3.1.9a (3.1.9a)

(c:/Users/User/AppData/Roaming/TinyTeX/texmf-dist/tex/generic/pgf/utilities/pgf
keys.code.tex
\pgfkeys@pathtoks=\toks19
\pgfkeys@temptoks=\toks20

(c:/Users/User/AppData/Roaming/TinyTeX/texmf-dist/tex/generic/pgf/utilities/pgf
keysfiltered.code.tex
\pgfkeys@tmptoks=\toks21
))
\pgf@x=\dimen166
\pgf@y=\dimen167
\pgf@xa=\dimen168
\pgf@ya=\dimen169
\pgf@xb=\dimen170
\pgf@yb=\dimen171
\pgf@xc=\dimen172
\pgf@yc=\dimen173
\pgf@xd=\dimen174
\pgf@yd=\dimen175
\w@pgf@writea=\write3
\r@pgf@reada=\read2
\c@pgf@counta=\count277
\c@pgf@countb=\count278
\c@pgf@countc=\count279
\c@pgf@countd=\count280
\t@pgf@toka=\toks22
\t@pgf@tokb=\toks23
\t@pgf@tokc=\toks24
\pgf@sys@id@count=\count281

(c:/Users/User/AppData/Roaming/TinyTeX/texmf-dist/tex/generic/pgf/systemlayer/p
gf.cfg
File: pgf.cfg 2021/05/15 v3.1.9a (3.1.9a)
)
Driver file for pgf: pgfsys-pdftex.def

(c:/Users/User/AppData/Roaming/TinyTeX/texmf-dist/tex/generic/pgf/systemlayer/p
gfsys-pdftex.def
File: pgfsys-pdftex.def 2021/05/15 v3.1.9a (3.1.9a)

(c:/Users/User/AppData/Roaming/TinyTeX/texmf-dist/tex/generic/pgf/systemlayer/p
gfsys-common-pdf.def
File: pgfsys-common-pdf.def 2021/05/15 v3.1.9a (3.1.9a)
)))
(c:/Users/User/AppData/Roaming/TinyTeX/texmf-dist/tex/generic/pgf/systemlayer/p
gfsyssoftpath.code.tex
File: pgfsyssoftpath.code.tex 2021/05/15 v3.1.9a (3.1.9a)
\pgfsyssoftpath@smallbuffer@items=\count282
\pgfsyssoftpath@bigbuffer@items=\count283
)
(c:/Users/User/AppData/Roaming/TinyTeX/texmf-dist/tex/generic/pgf/systemlayer/p
gfsysprotocol.code.tex
File: pgfsysprotocol.code.tex 2021/05/15 v3.1.9a (3.1.9a)
)) (c:/Users/User/AppData/Roaming/TinyTeX/texmf-dist/tex/latex/xcolor/xcolor.st
y
Package: xcolor 2016/05/11 v2.12 LaTeX color extensions (UK)

(c:/Users/User/AppData/Roaming/TinyTeX/texmf-dist/tex/latex/graphics-cfg/color.
cfg
File: color.cfg 2016/01/02 v1.6 sample color configuration
)
Package xcolor Info: Driver file: pdftex.def on input line 225.
Package xcolor Info: Model `cmy' substituted by `cmy0' on input line 1348.
Package xcolor Info: Model `hsb' substituted by `rgb' on input line 1352.
Package xcolor Info: Model `RGB' extended on input line 1364.
Package xcolor Info: Model `HTML' substituted by `rgb' on input line 1366.
Package xcolor Info: Model `Hsb' substituted by `hsb' on input line 1367.
Package xcolor Info: Model `tHsb' substituted by `hsb' on input line 1368.
Package xcolor Info: Model `HSB' substituted by `hsb' on input line 1369.
Package xcolor Info: Model `Gray' substituted by `gray' on input line 1370.
Package xcolor Info: Model `wave' substituted by `hsb' on input line 1371.
)
(c:/Users/User/AppData/Roaming/TinyTeX/texmf-dist/tex/generic/pgf/basiclayer/pg
fcore.code.tex
Package: pgfcore 2021/05/15 v3.1.9a (3.1.9a)

(c:/Users/User/AppData/Roaming/TinyTeX/texmf-dist/tex/generic/pgf/math/pgfmath.
code.tex
(c:/Users/User/AppData/Roaming/TinyTeX/texmf-dist/tex/generic/pgf/math/pgfmathc
alc.code.tex
(c:/Users/User/AppData/Roaming/TinyTeX/texmf-dist/tex/generic/pgf/math/pgfmathu
til.code.tex)
(c:/Users/User/AppData/Roaming/TinyTeX/texmf-dist/tex/generic/pgf/math/pgfmathp
arser.code.tex
\pgfmath@dimen=\dimen176
\pgfmath@count=\count284
\pgfmath@box=\box60
\pgfmath@toks=\toks25
\pgfmath@stack@operand=\toks26
\pgfmath@stack@operation=\toks27
)
(c:/Users/User/AppData/Roaming/TinyTeX/texmf-dist/tex/generic/pgf/math/pgfmathf
unctions.code.tex
(c:/Users/User/AppData/Roaming/TinyTeX/texmf-dist/tex/generic/pgf/math/pgfmathf
unctions.basic.code.tex)
(c:/Users/User/AppData/Roaming/TinyTeX/texmf-dist/tex/generic/pgf/math/pgfmathf
unctions.trigonometric.code.tex)
(c:/Users/User/AppData/Roaming/TinyTeX/texmf-dist/tex/generic/pgf/math/pgfmathf
unctions.random.code.tex)
(c:/Users/User/AppData/Roaming/TinyTeX/texmf-dist/tex/generic/pgf/math/pgfmathf
unctions.comparison.code.tex)
(c:/Users/User/AppData/Roaming/TinyTeX/texmf-dist/tex/generic/pgf/math/pgfmathf
unctions.base.code.tex)
(c:/Users/User/AppData/Roaming/TinyTeX/texmf-dist/tex/generic/pgf/math/pgfmathf
unctions.round.code.tex)
(c:/Users/User/AppData/Roaming/TinyTeX/texmf-dist/tex/generic/pgf/math/pgfmathf
unctions.misc.code.tex)
(c:/Users/User/AppData/Roaming/TinyTeX/texmf-dist/tex/generic/pgf/math/pgfmathf
unctions.integerarithmetics.code.tex)))
(c:/Users/User/AppData/Roaming/TinyTeX/texmf-dist/tex/generic/pgf/math/pgfmathf
loat.code.tex
\c@pgfmathroundto@lastzeros=\count285
))
(c:/Users/User/AppData/Roaming/TinyTeX/texmf-dist/tex/generic/pgf/math/pgfint.c
ode.tex)
(c:/Users/User/AppData/Roaming/TinyTeX/texmf-dist/tex/generic/pgf/basiclayer/pg
fcorepoints.code.tex
File: pgfcorepoints.code.tex 2021/05/15 v3.1.9a (3.1.9a)
\pgf@picminx=\dimen177
\pgf@picmaxx=\dimen178
\pgf@picminy=\dimen179
\pgf@picmaxy=\dimen180
\pgf@pathminx=\dimen181
\pgf@pathmaxx=\dimen182
\pgf@pathminy=\dimen183
\pgf@pathmaxy=\dimen184
\pgf@xx=\dimen185
\pgf@xy=\dimen186
\pgf@yx=\dimen187
\pgf@yy=\dimen188
\pgf@zx=\dimen189
\pgf@zy=\dimen190
)
(c:/Users/User/AppData/Roaming/TinyTeX/texmf-dist/tex/generic/pgf/basiclayer/pg
fcorepathconstruct.code.tex
File: pgfcorepathconstruct.code.tex 2021/05/15 v3.1.9a (3.1.9a)
\pgf@path@lastx=\dimen191
\pgf@path@lasty=\dimen192
)
(c:/Users/User/AppData/Roaming/TinyTeX/texmf-dist/tex/generic/pgf/basiclayer/pg
fcorepathusage.code.tex
File: pgfcorepathusage.code.tex 2021/05/15 v3.1.9a (3.1.9a)
\pgf@shorten@end@additional=\dimen193
\pgf@shorten@start@additional=\dimen194
)
(c:/Users/User/AppData/Roaming/TinyTeX/texmf-dist/tex/generic/pgf/basiclayer/pg
fcorescopes.code.tex
File: pgfcorescopes.code.tex 2021/05/15 v3.1.9a (3.1.9a)
\pgfpic=\box61
\pgf@hbox=\box62
\pgf@layerbox@main=\box63
\pgf@picture@serial@count=\count286
)
(c:/Users/User/AppData/Roaming/TinyTeX/texmf-dist/tex/generic/pgf/basiclayer/pg
fcoregraphicstate.code.tex
File: pgfcoregraphicstate.code.tex 2021/05/15 v3.1.9a (3.1.9a)
\pgflinewidth=\dimen195
)
(c:/Users/User/AppData/Roaming/TinyTeX/texmf-dist/tex/generic/pgf/basiclayer/pg
fcoretransformations.code.tex
File: pgfcoretransformations.code.tex 2021/05/15 v3.1.9a (3.1.9a)
\pgf@pt@x=\dimen196
\pgf@pt@y=\dimen197
\pgf@pt@temp=\dimen198
)
(c:/Users/User/AppData/Roaming/TinyTeX/texmf-dist/tex/generic/pgf/basiclayer/pg
fcorequick.code.tex
File: pgfcorequick.code.tex 2021/05/15 v3.1.9a (3.1.9a)
)
(c:/Users/User/AppData/Roaming/TinyTeX/texmf-dist/tex/generic/pgf/basiclayer/pg
fcoreobjects.code.tex
File: pgfcoreobjects.code.tex 2021/05/15 v3.1.9a (3.1.9a)
)
(c:/Users/User/AppData/Roaming/TinyTeX/texmf-dist/tex/generic/pgf/basiclayer/pg
fcorepathprocessing.code.tex
File: pgfcorepathprocessing.code.tex 2021/05/15 v3.1.9a (3.1.9a)
)
(c:/Users/User/AppData/Roaming/TinyTeX/texmf-dist/tex/generic/pgf/basiclayer/pg
fcorearrows.code.tex
File: pgfcorearrows.code.tex 2021/05/15 v3.1.9a (3.1.9a)
\pgfarrowsep=\dimen199
)
(c:/Users/User/AppData/Roaming/TinyTeX/texmf-dist/tex/generic/pgf/basiclayer/pg
fcoreshade.code.tex
File: pgfcoreshade.code.tex 2021/05/15 v3.1.9a (3.1.9a)
\pgf@max=\dimen256
\pgf@sys@shading@range@num=\count287
\pgf@shadingcount=\count288
)
(c:/Users/User/AppData/Roaming/TinyTeX/texmf-dist/tex/generic/pgf/basiclayer/pg
fcoreimage.code.tex
File: pgfcoreimage.code.tex 2021/05/15 v3.1.9a (3.1.9a)

(c:/Users/User/AppData/Roaming/TinyTeX/texmf-dist/tex/generic/pgf/basiclayer/pg
fcoreexternal.code.tex
File: pgfcoreexternal.code.tex 2021/05/15 v3.1.9a (3.1.9a)
\pgfexternal@startupbox=\box64
))
(c:/Users/User/AppData/Roaming/TinyTeX/texmf-dist/tex/generic/pgf/basiclayer/pg
fcorelayers.code.tex
File: pgfcorelayers.code.tex 2021/05/15 v3.1.9a (3.1.9a)
)
(c:/Users/User/AppData/Roaming/TinyTeX/texmf-dist/tex/generic/pgf/basiclayer/pg
fcoretransparency.code.tex
File: pgfcoretransparency.code.tex 2021/05/15 v3.1.9a (3.1.9a)
)
(c:/Users/User/AppData/Roaming/TinyTeX/texmf-dist/tex/generic/pgf/basiclayer/pg
fcorepatterns.code.tex
File: pgfcorepatterns.code.tex 2021/05/15 v3.1.9a (3.1.9a)
)
(c:/Users/User/AppData/Roaming/TinyTeX/texmf-dist/tex/generic/pgf/basiclayer/pg
fcorerdf.code.tex
File: pgfcorerdf.code.tex 2021/05/15 v3.1.9a (3.1.9a)
)))
(c:/Users/User/AppData/Roaming/TinyTeX/texmf-dist/tex/latex/pgf/utilities/xxcol
or.sty
Package: xxcolor 2003/10/24 ver 0.1
\XC@nummixins=\count289
\XC@countmixins=\count290
)
(c:/Users/User/AppData/Roaming/TinyTeX/texmf-dist/tex/latex/base/atbegshi-ltx.s
ty
Package: atbegshi-ltx 2021/01/10 v1.0c Emulation of the original atbegshi
package with kernel methods
)
(c:/Users/User/AppData/Roaming/TinyTeX/texmf-dist/tex/latex/hyperref/hyperref.s
ty
Package: hyperref 2021-06-07 v7.00m Hypertext links for LaTeX

(c:/Users/User/AppData/Roaming/TinyTeX/texmf-dist/tex/generic/ltxcmds/ltxcmds.s
ty
Package: ltxcmds 2020-05-10 v1.25 LaTeX kernel commands for general use (HO)
)
(c:/Users/User/AppData/Roaming/TinyTeX/texmf-dist/tex/generic/pdftexcmds/pdftex
cmds.sty
Package: pdftexcmds 2020-06-27 v0.33 Utility functions of pdfTeX for LuaTeX (HO
)

(c:/Users/User/AppData/Roaming/TinyTeX/texmf-dist/tex/generic/infwarerr/infware
rr.sty
Package: infwarerr 2019/12/03 v1.5 Providing info/warning/error messages (HO)
)
Package pdftexcmds Info: \pdf@primitive is available.
Package pdftexcmds Info: \pdf@ifprimitive is available.
Package pdftexcmds Info: \pdfdraftmode found.
)
(c:/Users/User/AppData/Roaming/TinyTeX/texmf-dist/tex/generic/kvsetkeys/kvsetke
ys.sty
Package: kvsetkeys 2019/12/15 v1.18 Key value parser (HO)
)
(c:/Users/User/AppData/Roaming/TinyTeX/texmf-dist/tex/generic/kvdefinekeys/kvde
finekeys.sty
Package: kvdefinekeys 2019-12-19 v1.6 Define keys (HO)
)
(c:/Users/User/AppData/Roaming/TinyTeX/texmf-dist/tex/generic/pdfescape/pdfesca
pe.sty
Package: pdfescape 2019/12/09 v1.15 Implements pdfTeX's escape features (HO)
)
(c:/Users/User/AppData/Roaming/TinyTeX/texmf-dist/tex/latex/hycolor/hycolor.sty
Package: hycolor 2020-01-27 v1.10 Color options for hyperref/bookmark (HO)
)
(c:/Users/User/AppData/Roaming/TinyTeX/texmf-dist/tex/latex/letltxmacro/letltxm
acro.sty
Package: letltxmacro 2019/12/03 v1.6 Let assignment for LaTeX macros (HO)
)
(c:/Users/User/AppData/Roaming/TinyTeX/texmf-dist/tex/latex/auxhook/auxhook.sty
Package: auxhook 2019-12-17 v1.6 Hooks for auxiliary files (HO)
)
(c:/Users/User/AppData/Roaming/TinyTeX/texmf-dist/tex/latex/kvoptions/kvoptions
.sty
Package: kvoptions 2020-10-07 v3.14 Key value format for package options (HO)
)
\@linkdim=\dimen257
\Hy@linkcounter=\count291
\Hy@pagecounter=\count292

(c:/Users/User/AppData/Roaming/TinyTeX/texmf-dist/tex/latex/hyperref/pd1enc.def
File: pd1enc.def 2021-06-07 v7.00m Hyperref: PDFDocEncoding definition (HO)
Now handling font encoding PD1 ...
... no UTF-8 mapping file for font encoding PD1
)
(c:/Users/User/AppData/Roaming/TinyTeX/texmf-dist/tex/latex/hyperref/hyperref-l
angpatches.def
File: hyperref-langpatches.def 2021-06-07 v7.00m Hyperref: patches for babel la
nguages
)
(c:/Users/User/AppData/Roaming/TinyTeX/texmf-dist/tex/generic/intcalc/intcalc.s
ty
Package: intcalc 2019/12/15 v1.3 Expandable calculations with integers (HO)
)
(c:/Users/User/AppData/Roaming/TinyTeX/texmf-dist/tex/generic/etexcmds/etexcmds
.sty
Package: etexcmds 2019/12/15 v1.7 Avoid name clashes with e-TeX commands (HO)
)
\Hy@SavedSpaceFactor=\count293
(c:/Users/User/AppData/Roaming/TinyTeX/texmf-dist/tex/latex/hyperref/puenc.def
File: puenc.def 2021-06-07 v7.00m Hyperref: PDF Unicode definition (HO)
Now handling font encoding PU ...
... no UTF-8 mapping file for font encoding PU
)
Package hyperref Info: Option `unicode' set `true' on input line 4073.
Package hyperref Info: Option `bookmarks' set `true' on input line 4073.
Package hyperref Info: Option `bookmarksopen' set `true' on input line 4073.
Package hyperref Info: Option `implicit' set `false' on input line 4073.
Package hyperref Info: Hyper figures OFF on input line 4192.
Package hyperref Info: Link nesting OFF on input line 4197.
Package hyperref Info: Hyper index ON on input line 4200.
Package hyperref Info: Plain pages OFF on input line 4207.
Package hyperref Info: Backreferencing OFF on input line 4212.
Package hyperref Info: Implicit mode OFF; no redefinition of LaTeX internals.
Package hyperref Info: Bookmarks ON on input line 4445.
\c@Hy@tempcnt=\count294
(c:/Users/User/AppData/Roaming/TinyTeX/texmf-dist/tex/latex/url/url.sty
\Urlmuskip=\muskip16
Package: url 2013/09/16  ver 3.4  Verb mode for urls, etc.
)
LaTeX Info: Redefining \url on input line 4804.
\XeTeXLinkMargin=\dimen258

(c:/Users/User/AppData/Roaming/TinyTeX/texmf-dist/tex/generic/bitset/bitset.sty
Package: bitset 2019/12/09 v1.3 Handle bit-vector datatype (HO)

(c:/Users/User/AppData/Roaming/TinyTeX/texmf-dist/tex/generic/bigintcalc/bigint
calc.sty
Package: bigintcalc 2019/12/15 v1.5 Expandable calculations on big integers (HO
)
))
\Fld@menulength=\count295
\Field@Width=\dimen259
\Fld@charsize=\dimen260
Package hyperref Info: Hyper figures OFF on input line 6076.
Package hyperref Info: Link nesting OFF on input line 6081.
Package hyperref Info: Hyper index ON on input line 6084.
Package hyperref Info: backreferencing OFF on input line 6091.
Package hyperref Info: Link coloring OFF on input line 6096.
Package hyperref Info: Link coloring with OCG OFF on input line 6101.
Package hyperref Info: PDF/A mode OFF on input line 6106.
LaTeX Info: Redefining \ref on input line 6146.
LaTeX Info: Redefining \pageref on input line 6150.
\Hy@abspage=\count296

Package hyperref Message: Stopped early.

)
Package hyperref Info: Driver (autodetected): hpdftex.

(c:/Users/User/AppData/Roaming/TinyTeX/texmf-dist/tex/latex/hyperref/hpdftex.de
f
File: hpdftex.def 2021-06-07 v7.00m Hyperref driver for pdfTeX

(c:/Users/User/AppData/Roaming/TinyTeX/texmf-dist/tex/latex/base/atveryend-ltx.
sty
Package: atveryend-ltx 2020/08/19 v1.0a Emulation of the original atvery packag
e
with kernel methods
)
\Fld@listcount=\count297
\c@bookmark@seq@number=\count298

(c:/Users/User/AppData/Roaming/TinyTeX/texmf-dist/tex/latex/rerunfilecheck/reru
nfilecheck.sty
Package: rerunfilecheck 2019/12/05 v1.9 Rerun checks for auxiliary files (HO)

(c:/Users/User/AppData/Roaming/TinyTeX/texmf-dist/tex/generic/uniquecounter/uni
quecounter.sty
Package: uniquecounter 2019/12/15 v1.4 Provide unlimited unique counter (HO)
)
Package uniquecounter Info: New unique counter `rerunfilecheck' on input line 2
86.
))
(c:/Users/User/AppData/Roaming/TinyTeX/texmf-dist/tex/latex/beamer/beamerbasere
quires.sty
(c:/Users/User/AppData/Roaming/TinyTeX/texmf-dist/tex/latex/beamer/beamerbaseco
mpatibility.sty)
(c:/Users/User/AppData/Roaming/TinyTeX/texmf-dist/tex/latex/beamer/beamerbasefo
nt.sty
(c:/Users/User/AppData/Roaming/TinyTeX/texmf-dist/tex/latex/amsfonts/amssymb.st
y
Package: amssymb 2013/01/14 v3.01 AMS font symbols

(c:/Users/User/AppData/Roaming/TinyTeX/texmf-dist/tex/latex/amsfonts/amsfonts.s
ty
Package: amsfonts 2013/01/14 v3.01 Basic AMSFonts support
\@emptytoks=\toks28
\symAMSa=\mathgroup4
\symAMSb=\mathgroup5
LaTeX Font Info:    Redeclaring math symbol \hbar on input line 98.
LaTeX Font Info:    Overwriting math alphabet `\mathfrak' in version `bold'
(Font)                  U/euf/m/n --> U/euf/b/n on input line 106.
)))
(c:/Users/User/AppData/Roaming/TinyTeX/texmf-dist/tex/latex/beamer/beamerbasetr
anslator.sty
(c:/Users/User/AppData/Roaming/TinyTeX/texmf-dist/tex/latex/translator/translat
or.sty
Package: translator 2021-05-31 v1.12d Easy translation of strings in LaTeX
))
(c:/Users/User/AppData/Roaming/TinyTeX/texmf-dist/tex/latex/beamer/beamerbasemi
sc.sty)
(c:/Users/User/AppData/Roaming/TinyTeX/texmf-dist/tex/latex/beamer/beamerbasetw
oscreens.sty)
(c:/Users/User/AppData/Roaming/TinyTeX/texmf-dist/tex/latex/beamer/beamerbaseov
erlay.sty
\beamer@argscount=\count299
\beamer@lastskipcover=\skip50
\beamer@trivlistdepth=\count300
)
(c:/Users/User/AppData/Roaming/TinyTeX/texmf-dist/tex/latex/beamer/beamerbaseti
tle.sty)
(c:/Users/User/AppData/Roaming/TinyTeX/texmf-dist/tex/latex/beamer/beamerbasese
ction.sty
\c@lecture=\count301
\c@part=\count302
\c@section=\count303
\c@subsection=\count304
\c@subsubsection=\count305
)
(c:/Users/User/AppData/Roaming/TinyTeX/texmf-dist/tex/latex/beamer/beamerbasefr
ame.sty
\beamer@framebox=\box65
\beamer@frametitlebox=\box66
\beamer@zoombox=\box67
\beamer@zoomcount=\count306
\beamer@zoomframecount=\count307
\beamer@frametextheight=\dimen261
\c@subsectionslide=\count308
\beamer@frametopskip=\skip51
\beamer@framebottomskip=\skip52
\beamer@frametopskipautobreak=\skip53
\beamer@framebottomskipautobreak=\skip54
\beamer@envbody=\toks29
\framewidth=\dimen262
\c@framenumber=\count309
)
(c:/Users/User/AppData/Roaming/TinyTeX/texmf-dist/tex/latex/beamer/beamerbaseve
rbatim.sty
\beamer@verbatimfileout=\write4
)
(c:/Users/User/AppData/Roaming/TinyTeX/texmf-dist/tex/latex/beamer/beamerbasefr
amesize.sty
\beamer@splitbox=\box68
\beamer@autobreakcount=\count310
\beamer@autobreaklastheight=\dimen263
\beamer@frametitletoks=\toks30
\beamer@framesubtitletoks=\toks31
)
(c:/Users/User/AppData/Roaming/TinyTeX/texmf-dist/tex/latex/beamer/beamerbasefr
amecomponents.sty
\beamer@footins=\box69
)
(c:/Users/User/AppData/Roaming/TinyTeX/texmf-dist/tex/latex/beamer/beamerbaseco
lor.sty)
(c:/Users/User/AppData/Roaming/TinyTeX/texmf-dist/tex/latex/beamer/beamerbaseno
tes.sty
\beamer@frameboxcopy=\box70
)
(c:/Users/User/AppData/Roaming/TinyTeX/texmf-dist/tex/latex/beamer/beamerbaseto
c.sty)
(c:/Users/User/AppData/Roaming/TinyTeX/texmf-dist/tex/latex/beamer/beamerbasete
mplates.sty
\beamer@sbttoks=\toks32

(c:/Users/User/AppData/Roaming/TinyTeX/texmf-dist/tex/latex/beamer/beamerbaseau
xtemplates.sty
(c:/Users/User/AppData/Roaming/TinyTeX/texmf-dist/tex/latex/beamer/beamerbasebo
xes.sty
\bmb@box=\box71
\bmb@colorbox=\box72
\bmb@boxwidth=\dimen264
\bmb@boxheight=\dimen265
\bmb@prevheight=\dimen266
\bmb@temp=\dimen267
\bmb@dima=\dimen268
\bmb@dimb=\dimen269
\bmb@prevheight=\dimen270
)
\beamer@blockheadheight=\dimen271
))
(c:/Users/User/AppData/Roaming/TinyTeX/texmf-dist/tex/latex/beamer/beamerbaselo
calstructure.sty
(c:/Users/User/AppData/Roaming/TinyTeX/texmf-dist/tex/latex/tools/enumerate.sty
Package: enumerate 2015/07/23 v3.00 enumerate extensions (DPC)
\@enLab=\toks33
)
\beamer@bibiconwidth=\skip55
\c@figure=\count311
\c@table=\count312
\abovecaptionskip=\skip56
\belowcaptionskip=\skip57
)
(c:/Users/User/AppData/Roaming/TinyTeX/texmf-dist/tex/latex/beamer/beamerbasena
vigation.sty
\beamer@section@min@dim=\dimen272
)
(c:/Users/User/AppData/Roaming/TinyTeX/texmf-dist/tex/latex/beamer/beamerbaseth
eorems.sty
(c:/Users/User/AppData/Roaming/TinyTeX/texmf-dist/tex/latex/amsmath/amsmath.sty
Package: amsmath 2021/04/20 v2.17j AMS math features
\@mathmargin=\skip58
For additional information on amsmath, use the `?' option.

(c:/Users/User/AppData/Roaming/TinyTeX/texmf-dist/tex/latex/amsmath/amstext.sty
Package: amstext 2000/06/29 v2.01 AMS text
(c:/Users/User/AppData/Roaming/TinyTeX/texmf-dist/tex/latex/amsmath/amsgen.sty
File: amsgen.sty 1999/11/30 v2.0 generic functions
\@emptytoks=\toks34
\ex@=\dimen273
)) (c:/Users/User/AppData/Roaming/TinyTeX/texmf-dist/tex/latex/amsmath/amsbsy.s
ty
Package: amsbsy 1999/11/29 v1.2d Bold Symbols
\pmbraise@=\dimen274
) (c:/Users/User/AppData/Roaming/TinyTeX/texmf-dist/tex/latex/amsmath/amsopn.st
y
Package: amsopn 2016/03/08 v2.02 operator names
)
\inf@bad=\count313
LaTeX Info: Redefining \frac on input line 234.
\uproot@=\count314
\leftroot@=\count315
LaTeX Info: Redefining \overline on input line 399.
\classnum@=\count316
\DOTSCASE@=\count317
LaTeX Info: Redefining \ldots on input line 496.
LaTeX Info: Redefining \dots on input line 499.
LaTeX Info: Redefining \cdots on input line 620.
\Mathstrutbox@=\box73
\strutbox@=\box74
\big@size=\dimen275
LaTeX Font Info:    Redeclaring font encoding OML on input line 743.
LaTeX Font Info:    Redeclaring font encoding OMS on input line 744.
\macc@depth=\count318
\c@MaxMatrixCols=\count319
\dotsspace@=\muskip17
\c@parentequation=\count320
\dspbrk@lvl=\count321
\tag@help=\toks35
\row@=\count322
\column@=\count323
\maxfields@=\count324
\andhelp@=\toks36
\eqnshift@=\dimen276
\alignsep@=\dimen277
\tagshift@=\dimen278
\tagwidth@=\dimen279
\totwidth@=\dimen280
\lineht@=\dimen281
\@envbody=\toks37
\multlinegap=\skip59
\multlinetaggap=\skip60
\mathdisplay@stack=\toks38
LaTeX Info: Redefining \[ on input line 2923.
LaTeX Info: Redefining \] on input line 2924.
) (c:/Users/User/AppData/Roaming/TinyTeX/texmf-dist/tex/latex/amscls/amsthm.sty
Package: amsthm 2020/05/29 v2.20.6
\thm@style=\toks39
\thm@bodyfont=\toks40
\thm@headfont=\toks41
\thm@notefont=\toks42
\thm@headpunct=\toks43
\thm@preskip=\skip61
\thm@postskip=\skip62
\thm@headsep=\skip63
\dth@everypar=\toks44
)
\c@theorem=\count325
)
(c:/Users/User/AppData/Roaming/TinyTeX/texmf-dist/tex/latex/beamer/beamerbaseth
emes.sty))
(c:/Users/User/AppData/Roaming/TinyTeX/texmf-dist/tex/latex/beamer/beamerthemed
efault.sty
(c:/Users/User/AppData/Roaming/TinyTeX/texmf-dist/tex/latex/beamer/beamerfontth
emedefault.sty)
(c:/Users/User/AppData/Roaming/TinyTeX/texmf-dist/tex/latex/beamer/beamercolort
hemedefault.sty)
(c:/Users/User/AppData/Roaming/TinyTeX/texmf-dist/tex/latex/beamer/beamerinnert
hemedefault.sty
\beamer@dima=\dimen282
\beamer@dimb=\dimen283
)
(c:/Users/User/AppData/Roaming/TinyTeX/texmf-dist/tex/latex/beamer/beameroutert
hemedefault.sty)))
(c:/Users/User/AppData/Roaming/TinyTeX/texmf-dist/tex/latex/pgf/utilities/pgfpa
ges.sty
Package: pgfpages 2011/01/05 ver 0.02
(c:/Users/User/AppData/Roaming/TinyTeX/texmf-dist/tex/latex/tools/calc.sty
Package: calc 2017/05/25 v4.3 Infix arithmetic (KKT,FJ)
\calc@Acount=\count326
\calc@Bcount=\count327
\calc@Adimen=\dimen284
\calc@Bdimen=\dimen285
\calc@Askip=\skip64
\calc@Bskip=\skip65
LaTeX Info: Redefining \setlength on input line 80.
LaTeX Info: Redefining \addtolength on input line 81.
\calc@Ccount=\count328
\calc@Cskip=\skip66
)
\pgf@logicalpages=\count329
\pgf@firstshipout=\count330
\pgf@lastshipout=\count331
\pgf@currentshipout=\count332
\pgf@cpn=\count333
\pgf@shipoutnextto=\count334
\pgfphysicalheight=\dimen286
\pgfphysicalwidth=\dimen287
\pgfpages@shipoutbox=\box75
) (c:/Users/User/AppData/Roaming/TinyTeX/texmf-dist/tex/latex/lm/lmodern.sty
Package: lmodern 2015/05/01 v1.6.1 Latin Modern Fonts
LaTeX Font Info:    Overwriting symbol font `operators' in version `normal'
(Font)                  OT1/cmr/m/n --> OT1/lmr/m/n on input line 22.
LaTeX Font Info:    Overwriting symbol font `letters' in version `normal'
(Font)                  OML/cmm/m/it --> OML/lmm/m/it on input line 23.
LaTeX Font Info:    Overwriting symbol font `symbols' in version `normal'
(Font)                  OMS/cmsy/m/n --> OMS/lmsy/m/n on input line 24.
LaTeX Font Info:    Overwriting symbol font `largesymbols' in version `normal'
(Font)                  OMX/cmex/m/n --> OMX/lmex/m/n on input line 25.
LaTeX Font Info:    Overwriting symbol font `operators' in version `bold'
(Font)                  OT1/cmr/bx/n --> OT1/lmr/bx/n on input line 26.
LaTeX Font Info:    Overwriting symbol font `letters' in version `bold'
(Font)                  OML/cmm/b/it --> OML/lmm/b/it on input line 27.
LaTeX Font Info:    Overwriting symbol font `symbols' in version `bold'
(Font)                  OMS/cmsy/b/n --> OMS/lmsy/b/n on input line 28.
LaTeX Font Info:    Overwriting symbol font `largesymbols' in version `bold'
(Font)                  OMX/cmex/m/n --> OMX/lmex/m/n on input line 29.
LaTeX Font Info:    Overwriting math alphabet `\mathbf' in version `normal'
(Font)                  OT1/cmr/bx/n --> OT1/lmr/bx/n on input line 31.
LaTeX Font Info:    Overwriting math alphabet `\mathsf' in version `normal'
(Font)                  OT1/cmss/m/n --> OT1/lmss/m/n on input line 32.
LaTeX Font Info:    Overwriting math alphabet `\mathit' in version `normal'
(Font)                  OT1/cmr/m/it --> OT1/lmr/m/it on input line 33.
LaTeX Font Info:    Overwriting math alphabet `\mathtt' in version `normal'
(Font)                  OT1/cmtt/m/n --> OT1/lmtt/m/n on input line 34.
LaTeX Font Info:    Overwriting math alphabet `\mathbf' in version `bold'
(Font)                  OT1/cmr/bx/n --> OT1/lmr/bx/n on input line 35.
LaTeX Font Info:    Overwriting math alphabet `\mathsf' in version `bold'
(Font)                  OT1/cmss/bx/n --> OT1/lmss/bx/n on input line 36.
LaTeX Font Info:    Overwriting math alphabet `\mathit' in version `bold'
(Font)                  OT1/cmr/bx/it --> OT1/lmr/bx/it on input line 37.
LaTeX Font Info:    Overwriting math alphabet `\mathtt' in version `bold'
(Font)                  OT1/cmtt/m/n --> OT1/lmtt/m/n on input line 38.
) (c:/Users/User/AppData/Roaming/TinyTeX/texmf-dist/tex/latex/base/fontenc.sty
Package: fontenc 2021/04/29 v2.0v Standard LaTeX package
LaTeX Font Info:    Trying to load font information for T1+lmss on input line 1
12.
(c:/Users/User/AppData/Roaming/TinyTeX/texmf-dist/tex/latex/lm/t1lmss.fd
File: t1lmss.fd 2015/05/01 v1.6.1 Font defs for Latin Modern
)) (c:/Users/User/AppData/Roaming/TinyTeX/texmf-dist/tex/latex/base/inputenc.st
y
Package: inputenc 2021/02/14 v1.3d Input encoding file
\inpenc@prehook=\toks45
\inpenc@posthook=\toks46
) (c:/Users/User/AppData/Roaming/TinyTeX/texmf-dist/tex/latex/base/textcomp.sty
Package: textcomp 2020/02/02 v2.0n Standard LaTeX package
)
(c:/Users/User/AppData/Roaming/TinyTeX/texmf-dist/tex/latex/upquote/upquote.sty
Package: upquote 2012/04/19 v1.3 upright-quote and grave-accent glyphs in verba
tim
)
(c:/Users/User/AppData/Roaming/TinyTeX/texmf-dist/tex/latex/microtype/microtype
.sty
Package: microtype 2021/10/31 v3.0 Micro-typographical refinements (RS)
\MT@toks=\toks47
\MT@count=\count335
\MT@tempbox=\box76
\MT@leftmarginkern=\dimen288
\MT@rightmarginkern=\dimen289
LaTeX Info: Redefining \textls on input line 1114.
\MT@outer@kern=\dimen290
LaTeX Info: Redefining \textmicrotypecontext on input line 1700.
\MT@listname@count=\count336

(c:/Users/User/AppData/Roaming/TinyTeX/texmf-dist/tex/latex/microtype/microtype
-pdftex.def
File: microtype-pdftex.def 2021/10/31 v3.0 Definitions specific to pdftex (RS)
LaTeX Info: Redefining \lsstyle on input line 915.
LaTeX Info: Redefining \lslig on input line 915.
\MT@outer@space=\skip67
)
Package microtype Info: Loading configuration file microtype.cfg.

(c:/Users/User/AppData/Roaming/TinyTeX/texmf-dist/tex/latex/microtype/microtype
.cfg
File: microtype.cfg 2021/10/31 v3.0 microtype main configuration file (RS)
))
(c:/Users/User/AppData/Roaming/TinyTeX/texmf-dist/tex/latex/bookmark/bookmark.s
ty
Package: bookmark 2020-11-06 v1.29 PDF bookmarks (HO)

(c:/Users/User/AppData/Roaming/TinyTeX/texmf-dist/tex/latex/bookmark/bkm-pdftex
.def
File: bkm-pdftex.def 2020-11-06 v1.29 bookmark driver for pdfTeX (HO)
\BKM@id=\count337
))
(c:/Users/User/AppData/Roaming/TinyTeX/texmf-dist/tex/latex/fancyvrb/fancyvrb.s
ty
Package: fancyvrb 2021/10/15 v3.9 verbatim text (tvz,hv)
\FV@CodeLineNo=\count338
\FV@InFile=\read3
\FV@TabBox=\box77
\c@FancyVerbLine=\count339
\FV@StepNumber=\count340
\FV@OutFile=\write5
) (c:/Users/User/AppData/Roaming/TinyTeX/texmf-dist/tex/latex/framed/framed.sty
Package: framed 2011/10/22 v 0.96: framed or shaded text with page breaks
\OuterFrameSep=\skip68
\fb@frw=\dimen291
\fb@frh=\dimen292
\FrameRule=\dimen293
\FrameSep=\dimen294
)
\cslhangindent=\skip69
\csllabelwidth=\skip70
\cslentryspacingunit=\skip71

(c:/Users/User/AppData/Roaming/TinyTeX/texmf-dist/tex/latex/l3backend/l3backend
-pdftex.def
File: l3backend-pdftex.def 2021-10-18 L3 backend support: PDF output (pdfTeX)
\l__color_backend_stack_int=\count341
\l__pdf_internal_box=\box78
) (./chap2.aux)
\openout1 = `chap2.aux'.

LaTeX Font Info:    Checking defaults for OML/cmm/m/it on input line 160.
LaTeX Font Info:    ... okay on input line 160.
LaTeX Font Info:    Checking defaults for OMS/cmsy/m/n on input line 160.
LaTeX Font Info:    ... okay on input line 160.
LaTeX Font Info:    Checking defaults for OT1/cmr/m/n on input line 160.
LaTeX Font Info:    ... okay on input line 160.
LaTeX Font Info:    Checking defaults for T1/cmr/m/n on input line 160.
LaTeX Font Info:    ... okay on input line 160.
LaTeX Font Info:    Checking defaults for TS1/cmr/m/n on input line 160.
LaTeX Font Info:    ... okay on input line 160.
LaTeX Font Info:    Checking defaults for OMX/cmex/m/n on input line 160.
LaTeX Font Info:    ... okay on input line 160.
LaTeX Font Info:    Checking defaults for U/cmr/m/n on input line 160.
LaTeX Font Info:    ... okay on input line 160.
LaTeX Font Info:    Checking defaults for PD1/pdf/m/n on input line 160.
LaTeX Font Info:    ... okay on input line 160.
LaTeX Font Info:    Checking defaults for PU/pdf/m/n on input line 160.
LaTeX Font Info:    ... okay on input line 160.
*geometry* driver: auto-detecting
*geometry* detected driver: pdftex
*geometry* verbose mode - [ preamble ] result:
* driver: pdftex
* paper: custom
* layout: <same size as paper>
* layoutoffset:(h,v)=(0.0pt,0.0pt)
* modes: includehead includefoot 
* h-part:(L,W,R)=(28.45274pt, 307.28987pt, 28.45274pt)
* v-part:(T,H,B)=(0.0pt, 273.14662pt, 0.0pt)
* \paperwidth=364.19536pt
* \paperheight=273.14662pt
* \textwidth=307.28987pt
* \textheight=244.6939pt
* \oddsidemargin=-43.81725pt
* \evensidemargin=-43.81725pt
* \topmargin=-72.26999pt
* \headheight=14.22636pt
* \headsep=0.0pt
* \topskip=11.0pt
* \footskip=14.22636pt
* \marginparwidth=4.0pt
* \marginparsep=10.0pt
* \columnsep=10.0pt
* \skip\footins=10.0pt plus 4.0pt minus 2.0pt
* \hoffset=0.0pt
* \voffset=0.0pt
* \mag=1000
* \@twocolumnfalse
* \@twosidefalse
* \@mparswitchfalse
* \@reversemarginfalse
* (1in=72.27pt=25.4mm, 1cm=28.453pt)


(c:/Users/User/AppData/Roaming/TinyTeX/texmf-dist/tex/latex/epstopdf-pkg/epstop
df-base.sty
Package: epstopdf-base 2020-01-24 v2.11 Base part for package epstopdf
Package epstopdf-base Info: Redefining graphics rule for `.eps' on input line 4
85.

(c:/Users/User/AppData/Roaming/TinyTeX/texmf-dist/tex/latex/latexconfig/epstopd
f-sys.cfg
File: epstopdf-sys.cfg 2010/07/13 v1.3 Configuration of (r)epstopdf for TeX Liv
e
))
Package hyperref Info: Link coloring OFF on input line 160.

(c:/Users/User/AppData/Roaming/TinyTeX/texmf-dist/tex/latex/hyperref/nameref.st
y
Package: nameref 2021-04-02 v2.47 Cross-referencing by name of section

(c:/Users/User/AppData/Roaming/TinyTeX/texmf-dist/tex/latex/refcount/refcount.s
ty
Package: refcount 2019/12/15 v3.6 Data extraction from label references (HO)
)
(c:/Users/User/AppData/Roaming/TinyTeX/texmf-dist/tex/generic/gettitlestring/ge
ttitlestring.sty
Package: gettitlestring 2019/12/15 v1.6 Cleanup title references (HO)
)
\c@section@level=\count342
)
LaTeX Info: Redefining \ref on input line 160.
LaTeX Info: Redefining \pageref on input line 160.
LaTeX Info: Redefining \nameref on input line 160.
LaTeX Font Info:    Overwriting symbol font `operators' in version `normal'
(Font)                  OT1/lmr/m/n --> OT1/cmss/m/n on input line 160.
LaTeX Font Info:    Overwriting symbol font `operators' in version `bold'
(Font)                  OT1/lmr/bx/n --> OT1/cmss/b/n on input line 160.
LaTeX Font Info:    Overwriting symbol font `operators' in version `normal'
(Font)                  OT1/cmss/m/n --> OT1/lmss/m/n on input line 160.
LaTeX Font Info:    Overwriting symbol font `operators' in version `bold'
(Font)                  OT1/cmss/b/n --> OT1/lmss/b/n on input line 160.
\symnumbers=\mathgroup6
\sympureletters=\mathgroup7
LaTeX Font Info:    Overwriting math alphabet `\mathrm' in version `normal'
(Font)                  OT1/lmss/m/n --> T1/lmr/m/n on input line 160.
LaTeX Font Info:    Redeclaring math alphabet \mathbf on input line 160.
LaTeX Font Info:    Overwriting math alphabet `\mathbf' in version `normal'
(Font)                  OT1/lmr/bx/n --> T1/lmss/b/n on input line 160.
LaTeX Font Info:    Overwriting math alphabet `\mathbf' in version `bold'
(Font)                  OT1/lmr/bx/n --> T1/lmss/b/n on input line 160.
LaTeX Font Info:    Redeclaring math alphabet \mathsf on input line 160.
LaTeX Font Info:    Overwriting math alphabet `\mathsf' in version `normal'
(Font)                  OT1/lmss/m/n --> T1/lmss/m/n on input line 160.
LaTeX Font Info:    Overwriting math alphabet `\mathsf' in version `bold'
(Font)                  OT1/lmss/bx/n --> T1/lmss/m/n on input line 160.
LaTeX Font Info:    Redeclaring math alphabet \mathit on input line 160.
LaTeX Font Info:    Overwriting math alphabet `\mathit' in version `normal'
(Font)                  OT1/lmr/m/it --> T1/lmss/m/it on input line 160.
LaTeX Font Info:    Overwriting math alphabet `\mathit' in version `bold'
(Font)                  OT1/lmr/bx/it --> T1/lmss/m/it on input line 160.
LaTeX Font Info:    Redeclaring math alphabet \mathtt on input line 160.
LaTeX Font Info:    Overwriting math alphabet `\mathtt' in version `normal'
(Font)                  OT1/lmtt/m/n --> T1/lmtt/m/n on input line 160.
LaTeX Font Info:    Overwriting math alphabet `\mathtt' in version `bold'
(Font)                  OT1/lmtt/m/n --> T1/lmtt/m/n on input line 160.
LaTeX Font Info:    Overwriting symbol font `numbers' in version `bold'
(Font)                  T1/lmss/m/n --> T1/lmss/b/n on input line 160.
LaTeX Font Info:    Overwriting symbol font `pureletters' in version `bold'
(Font)                  T1/lmss/m/it --> T1/lmss/b/it on input line 160.
LaTeX Font Info:    Overwriting math alphabet `\mathrm' in version `bold'
(Font)                  OT1/lmss/b/n --> T1/lmr/b/n on input line 160.
LaTeX Font Info:    Overwriting math alphabet `\mathbf' in version `bold'
(Font)                  T1/lmss/b/n --> T1/lmss/b/n on input line 160.
LaTeX Font Info:    Overwriting math alphabet `\mathsf' in version `bold'
(Font)                  T1/lmss/m/n --> T1/lmss/b/n on input line 160.
LaTeX Font Info:    Overwriting math alphabet `\mathit' in version `bold'
(Font)                  T1/lmss/m/it --> T1/lmss/b/it on input line 160.
LaTeX Font Info:    Overwriting math alphabet `\mathtt' in version `bold'
(Font)                  T1/lmtt/m/n --> T1/lmtt/b/n on input line 160.

(c:/Users/User/AppData/Roaming/TinyTeX/texmf-dist/tex/latex/translator/translat
or-basic-dictionary-English.dict
Dictionary: translator-basic-dictionary, Language: English 
)
(c:/Users/User/AppData/Roaming/TinyTeX/texmf-dist/tex/latex/translator/translat
or-bibliography-dictionary-English.dict
Dictionary: translator-bibliography-dictionary, Language: English 
)
(c:/Users/User/AppData/Roaming/TinyTeX/texmf-dist/tex/latex/translator/translat
or-environment-dictionary-English.dict
Dictionary: translator-environment-dictionary, Language: English 
)
(c:/Users/User/AppData/Roaming/TinyTeX/texmf-dist/tex/latex/translator/translat
or-months-dictionary-English.dict
Dictionary: translator-months-dictionary, Language: English 
)
(c:/Users/User/AppData/Roaming/TinyTeX/texmf-dist/tex/latex/translator/translat
or-numbers-dictionary-English.dict
Dictionary: translator-numbers-dictionary, Language: English 
)
(c:/Users/User/AppData/Roaming/TinyTeX/texmf-dist/tex/latex/translator/translat
or-theorem-dictionary-English.dict
Dictionary: translator-theorem-dictionary, Language: English 
)
LaTeX Info: Redefining \microtypecontext on input line 160.
Package microtype Info: Applying patch `item' on input line 160.
Package microtype Info: Applying patch `toc' on input line 160.
Package microtype Info: Applying patch `eqnum' on input line 160.

Package microtype Warning: Unable to apply patch `footnote' on input line 160.

Package microtype Info: Generating PDF output.
Package microtype Info: Character protrusion enabled (level 2).
Package microtype Info: Using protrusion set `basicmath'.
Package microtype Info: Automatic font expansion enabled (level 2),
(microtype)             stretch: 20, shrink: 20, step: 1, non-selected.
Package microtype Info: Using default expansion set `alltext-nott'.
LaTeX Info: Redefining \showhyphens on input line 160.
Package microtype Info: No adjustment of tracking.
Package microtype Info: No adjustment of interword spacing.
Package microtype Info: No adjustment of character kerning.
Package microtype Info: Loading generic protrusion settings for font family
(microtype)             `lmss' (encoding: T1).
(microtype)             For optimal results, create family-specific settings.
(microtype)             See the microtype manual for details.
(./chap2.nav) [1

{c:/Users/User/AppData/Roaming/TinyTeX/texmf-var/fonts/map/pdftex/updmap/pdftex
.map}] [2

]
LaTeX Font Info:    Trying to load font information for OT1+lmss on input line 
177.
(c:/Users/User/AppData/Roaming/TinyTeX/texmf-dist/tex/latex/lm/ot1lmss.fd
File: ot1lmss.fd 2015/05/01 v1.6.1 Font defs for Latin Modern
)
Package microtype Info: Loading generic protrusion settings for font family
(microtype)             `lmss' (encoding: OT1).
(microtype)             For optimal results, create family-specific settings.
(microtype)             See the microtype manual for details.
LaTeX Font Info:    Trying to load font information for OML+lmm on input line 1
77.
(c:/Users/User/AppData/Roaming/TinyTeX/texmf-dist/tex/latex/lm/omllmm.fd
File: omllmm.fd 2015/05/01 v1.6.1 Font defs for Latin Modern
)
LaTeX Font Info:    Trying to load font information for OMS+lmsy on input line 
177.
(c:/Users/User/AppData/Roaming/TinyTeX/texmf-dist/tex/latex/lm/omslmsy.fd
File: omslmsy.fd 2015/05/01 v1.6.1 Font defs for Latin Modern
)
LaTeX Font Info:    Trying to load font information for OMX+lmex on input line 
177.
(c:/Users/User/AppData/Roaming/TinyTeX/texmf-dist/tex/latex/lm/omxlmex.fd
File: omxlmex.fd 2015/05/01 v1.6.1 Font defs for Latin Modern
)
LaTeX Font Info:    External font `lmex10' loaded for size
(Font)              <10.95> on input line 177.
LaTeX Font Info:    External font `lmex10' loaded for size
(Font)              <8> on input line 177.
LaTeX Font Info:    External font `lmex10' loaded for size
(Font)              <6> on input line 177.
LaTeX Font Info:    Trying to load font information for U+msa on input line 177
.
(c:/Users/User/AppData/Roaming/TinyTeX/texmf-dist/tex/latex/amsfonts/umsa.fd
File: umsa.fd 2013/01/14 v3.01 AMS symbols A
)
(c:/Users/User/AppData/Roaming/TinyTeX/texmf-dist/tex/latex/microtype/mt-msa.cf
g
File: mt-msa.cfg 2006/02/04 v1.1 microtype config. file: AMS symbols (a) (RS)
)
LaTeX Font Info:    Trying to load font information for U+msb on input line 177
.
(c:/Users/User/AppData/Roaming/TinyTeX/texmf-dist/tex/latex/amsfonts/umsb.fd
File: umsb.fd 2013/01/14 v3.01 AMS symbols B
)
(c:/Users/User/AppData/Roaming/TinyTeX/texmf-dist/tex/latex/microtype/mt-msb.cf
g
File: mt-msb.cfg 2005/06/01 v1.0 microtype config. file: AMS symbols (b) (RS)
)
LaTeX Font Info:    Font shape `T1/lmss/m/it' in size <10.95> not available
(Font)              Font shape `T1/lmss/m/sl' tried instead on input line 177.
LaTeX Font Info:    Font shape `T1/lmss/m/it' in size <8> not available
(Font)              Font shape `T1/lmss/m/sl' tried instead on input line 177.
LaTeX Font Info:    Font shape `T1/lmss/m/it' in size <6> not available
(Font)              Font shape `T1/lmss/m/sl' tried instead on input line 177.
[3

]pdfTeX warning (ext4): destination with the same identifier (name{introduction
}) has been already used, duplicate ignored
<to be read again> 
                   \relax 
l.177 \end{frame}
                  [4

]
Overfull \hbox (60.98611pt too wide) detected at line 198
[]
 []

[5

]
\openout4 = `chap2.vrb'.

(./chap2.vrb
LaTeX Font Info:    Trying to load font information for T1+lmtt on input line 7
.
(c:/Users/User/AppData/Roaming/TinyTeX/texmf-dist/tex/latex/lm/t1lmtt.fd
File: t1lmtt.fd 2015/05/01 v1.6.1 Font defs for Latin Modern
)
<chap2_files/figure-beamer/arch1Sim-1.pdf, id=54, 722.7pt x 505.89pt>
File: chap2_files/figure-beamer/arch1Sim-1.pdf Graphic file (type pdf)
<use chap2_files/figure-beamer/arch1Sim-1.pdf>
Package pdftex.def Info: chap2_files/figure-beamer/arch1Sim-1.pdf  used on inpu
t line 16.
(pdftex.def)             Requested size: 722.69823pt x 505.88875pt.

Overfull \hbox (415.40836pt too wide) in paragraph at lines 16--16
 [] 
 []

)
Overfull \vbox (387.17975pt too high) detected at line 217
 []

[6

 <./chap2_files/figure-beamer/arch1Sim-1.pdf>] [7

]pdfTeX warning (ext4): destination with the same identifier (name{propriuxe9tu
xe9s-statistiques}) has been already used, duplicate ignored
<to be read again> 
                   \relax 
l.242 \end{frame}
                  [8

]pdfTeX warning (ext4): destination with the same identifier (name{propriuxe9tu
xe9s-statistiques}) has been already used, duplicate ignored
<to be read again> 
                   \relax 
l.242 \end{frame}
                  [9

]pdfTeX warning (ext4): destination with the same identifier (name{propriuxe9tu
xe9s-statistiques}) has been already used, duplicate ignored
<to be read again> 
                   \relax 
l.242 \end{frame}
                  [10

]pdfTeX warning (ext4): destination with the same identifier (name{propriuxe9tu
xe9s-statistiques}) has been already used, duplicate ignored
<to be read again> 
                   \relax 
l.242 \end{frame}
                  [11

]pdfTeX warning (ext4): destination with the same identifier (name{propriuxe9tu
xe9s-statistiques}) has been already used, duplicate ignored
<to be read again> 
                   \relax 
l.242 \end{frame}
                  [12

]
LaTeX Font Info:    External font `lmex10' loaded for size
(Font)              <10> on input line 261.
LaTeX Font Info:    External font `lmex10' loaded for size
(Font)              <7> on input line 261.
LaTeX Font Info:    External font `lmex10' loaded for size
(Font)              <5> on input line 261.
LaTeX Font Info:    Font shape `T1/lmss/m/it' in size <10> not available
(Font)              Font shape `T1/lmss/m/sl' tried instead on input line 261.
LaTeX Font Info:    Font shape `T1/lmss/m/it' in size <7> not available
(Font)              Font shape `T1/lmss/m/sl' tried instead on input line 261.
LaTeX Font Info:    Font shape `T1/lmss/m/it' in size <5> not available
(Font)              Font shape `T1/lmss/m/sl' tried instead on input line 261.
[13

]pdfTeX warning (ext4): destination with the same identifier (name{la-construct
ion-du-moduxe8le-arch}) has been already used, duplicate ignored
<to be read again> 
                   \relax 
l.261 \end{frame}
                  [14

]pdfTeX warning (ext4): destination with the same identifier (name{la-construct
ion-du-moduxe8le-arch}) has been already used, duplicate ignored
<to be read again> 
                   \relax 
l.261 \end{frame}
                  [15

]pdfTeX warning (ext4): destination with the same identifier (name{la-construct
ion-du-moduxe8le-arch}) has been already used, duplicate ignored
<to be read again> 
                   \relax 
l.261 \end{frame}
                  [16

]pdfTeX warning (ext4): destination with the same identifier (name{la-construct
ion-du-moduxe8le-arch}) has been already used, duplicate ignored
<to be read again> 
                   \relax 
l.261 \end{frame}
                  [17

]
LaTeX Font Info:    Font shape `T1/lmss/b/n' in size <10.95> not available
(Font)              Font shape `T1/lmss/bx/n' tried instead on input line 285.
LaTeX Font Info:    Font shape `T1/lmss/b/n' in size <8> not available
(Font)              Font shape `T1/lmss/bx/n' tried instead on input line 285.
LaTeX Font Info:    Font shape `T1/lmss/b/n' in size <6> not available
(Font)              Font shape `T1/lmss/bx/n' tried instead on input line 285.
[18

] [19

] [20

] [21

] [22

]
\openout4 = `chap2.vrb'.

(./chap2.vrb
<chap2_files/figure-beamer/Rbtc-1.pdf, id=153, 722.7pt x 289.08pt>
File: chap2_files/figure-beamer/Rbtc-1.pdf Graphic file (type pdf)
<use chap2_files/figure-beamer/Rbtc-1.pdf>
Package pdftex.def Info: chap2_files/figure-beamer/Rbtc-1.pdf  used on input li
ne 13.
(pdftex.def)             Requested size: 245.83282pt x 98.33441pt.
) [23

 <./chap2_files/figure-beamer/Rbtc-1.pdf>]
\openout4 = `chap2.vrb'.

(./chap2.vrb) [24

]
\openout4 = `chap2.vrb'.

(./chap2.vrb
LaTeX Font Info:    Trying to load font information for TS1+lmtt on input line 
10.
(c:/Users/User/AppData/Roaming/TinyTeX/texmf-dist/tex/latex/lm/ts1lmtt.fd
File: ts1lmtt.fd 2015/05/01 v1.6.1 Font defs for Latin Modern
)) [25

]
Overfull \hbox (32.3664pt too wide) detected at line 383
\T1/lmss/m/sl/10.95 L\OT1/lmss/m/n/10.95 (\OML/lmm/m/it/10.95 "[]; "[]; [] ; "[
]\OMS/lmsy/m/n/10.95 j\T1/lmss/bx/n/10.95 a\OT1/lmss/m/n/10.95 ) = [] [] [] [] 
\OMS/lmsy/m/n/10.95 ^^B \T1/lmss/m/sl/10.95 f\OT1/lmss/m/n/10.95 (\OML/lmm/m/it
/10.95 "[]; "[]; [] ; "[]\OMS/lmsy/m/n/10.95 j\T1/lmss/bx/n/10.95 a\OT1/lmss/m/
n/10.95 )
 []


Overfull \hbox (82.58879pt too wide) detected at line 383
\OML/lmm/m/it/10.95 `\OT1/lmss/m/n/10.95 (\OML/lmm/m/it/10.95 "[][]; "[][]; [] 
; "[][]\OMS/lmsy/m/n/10.95 j\T1/lmss/bx/n/10.95 a\OML/lmm/m/it/10.95 ; \T1/lmss
/m/sl/10.95 a[][]\OML/lmm/m/it/10.95 ; \T1/lmss/m/sl/10.95 a[][]\OML/lmm/m/it/1
0.95 ; [] ; \T1/lmss/m/sl/10.95 a[][]\OT1/lmss/m/n/10.95 ) = [] []
 []


Overfull \vbox (3.74796pt too high) detected at line 383
 []

[26

]
Overfull \hbox (32.3664pt too wide) detected at line 383
\T1/lmss/m/sl/10.95 L\OT1/lmss/m/n/10.95 (\OML/lmm/m/it/10.95 "[]; "[]; [] ; "[
]\OMS/lmsy/m/n/10.95 j\T1/lmss/bx/n/10.95 a\OT1/lmss/m/n/10.95 ) = [] [] [] [] 
\OMS/lmsy/m/n/10.95 ^^B \T1/lmss/m/sl/10.95 f\OT1/lmss/m/n/10.95 (\OML/lmm/m/it
/10.95 "[]; "[]; [] ; "[]\OMS/lmsy/m/n/10.95 j\T1/lmss/bx/n/10.95 a\OT1/lmss/m/
n/10.95 )
 []


Overfull \hbox (82.58879pt too wide) detected at line 383
\OML/lmm/m/it/10.95 `\OT1/lmss/m/n/10.95 (\OML/lmm/m/it/10.95 "[][]; "[][]; [] 
; "[][]\OMS/lmsy/m/n/10.95 j\T1/lmss/bx/n/10.95 a\OML/lmm/m/it/10.95 ; \T1/lmss
/m/sl/10.95 a[][]\OML/lmm/m/it/10.95 ; \T1/lmss/m/sl/10.95 a[][]\OML/lmm/m/it/1
0.95 ; [] ; \T1/lmss/m/sl/10.95 a[][]\OT1/lmss/m/n/10.95 ) = [] []
 []


Overfull \vbox (3.74796pt too high) detected at line 383
 []

[27

]
Overfull \hbox (32.3664pt too wide) detected at line 383
\T1/lmss/m/sl/10.95 L\OT1/lmss/m/n/10.95 (\OML/lmm/m/it/10.95 "[]; "[]; [] ; "[
]\OMS/lmsy/m/n/10.95 j\T1/lmss/bx/n/10.95 a\OT1/lmss/m/n/10.95 ) = [] [] [] [] 
\OMS/lmsy/m/n/10.95 ^^B \T1/lmss/m/sl/10.95 f\OT1/lmss/m/n/10.95 (\OML/lmm/m/it
/10.95 "[]; "[]; [] ; "[]\OMS/lmsy/m/n/10.95 j\T1/lmss/bx/n/10.95 a\OT1/lmss/m/
n/10.95 )
 []


Overfull \hbox (82.58879pt too wide) detected at line 383
\OML/lmm/m/it/10.95 `\OT1/lmss/m/n/10.95 (\OML/lmm/m/it/10.95 "[][]; "[][]; [] 
; "[][]\OMS/lmsy/m/n/10.95 j\T1/lmss/bx/n/10.95 a\OML/lmm/m/it/10.95 ; \T1/lmss
/m/sl/10.95 a[][]\OML/lmm/m/it/10.95 ; \T1/lmss/m/sl/10.95 a[][]\OML/lmm/m/it/1
0.95 ; [] ; \T1/lmss/m/sl/10.95 a[][]\OT1/lmss/m/n/10.95 ) = [] []
 []


Overfull \vbox (3.74796pt too high) detected at line 383
 []

[28

]
\openout4 = `chap2.vrb'.

(./chap2.vrb
Overfull \hbox (103.14215pt too wide) detected at line 9
\OML/lmm/m/it/10.95 `\OT1/lmss/m/n/10.95 (\OML/lmm/m/it/10.95 "[]; "[]; [] ; "[
]\OMS/lmsy/m/n/10.95 j\T1/lmss/bx/n/10.95 a\OML/lmm/m/it/10.95 ; \T1/lmss/m/sl/
10.95 a[]\OML/lmm/m/it/10.95 ; \T1/lmss/m/sl/10.95 a[]\OT1/lmss/m/n/10.95 ) = [
] []
 []


Overfull \hbox (14.6392pt too wide) in paragraph at lines 30--30
[]           \T1/lmtt/m/n/10.95 Estimate   Std. Error     t value    Pr(>|t|)[]
 
 []


Overfull \hbox (14.6392pt too wide) in paragraph at lines 30--30
[]\T1/lmtt/m/n/10.95 mu     1.774978e-01 5.624388e-05 3155.859739 0.000000000[]
 
 []


Overfull \hbox (14.6392pt too wide) in paragraph at lines 30--30
[]\T1/lmtt/m/n/10.95 omega  1.470274e-06 4.864592e-07    3.022399 0.002507798[]
 
 []


Overfull \hbox (14.6392pt too wide) in paragraph at lines 30--30
[]\T1/lmtt/m/n/10.95 alpha1 5.665866e-01 1.517078e-04 3734.722111 0.000000000[]
 
 []


Overfull \hbox (20.38794pt too wide) in paragraph at lines 127--127
[]\T1/lmtt/m/n/10.95 Weighted Ljung-Box Test on Standardized Squared Residuals[
] 
 []

)
Overfull \vbox (1244.79262pt too high) detected at line 513
 []

[29

] [30

]
\openout4 = `chap2.vrb'.

(./chap2.vrb) [31

] (./chap2.vrb) [32

]
<chap2_files/figure-beamer/hist_rt2-1.pdf, id=216, 722.7pt x 433.62pt>
File: chap2_files/figure-beamer/hist_rt2-1.pdf Graphic file (type pdf)
<use chap2_files/figure-beamer/hist_rt2-1.pdf>
Package pdftex.def Info: chap2_files/figure-beamer/hist_rt2-1.pdf  used on inpu
t line 552.
(pdftex.def)             Requested size: 245.83282pt x 147.50163pt.
[33

 <./chap2_files/figure-beamer/hist_rt2-1.pdf>]
\openout4 = `chap2.vrb'.

(./chap2.vrb
Overfull \hbox (20.38794pt too wide) in paragraph at lines 101--101
[]\T1/lmtt/m/n/10.95 Weighted Ljung-Box Test on Standardized Squared Residuals[
] 
 []

)
Overfull \vbox (1032.20401pt too high) detected at line 656
 []

[34

]
\openout4 = `chap2.vrb'.

(./chap2.vrb) [35

] (./chap2.vrb) [36

] (./chap2.vrb) [37

] (./chap2.vrb) [38

]
\openout4 = `chap2.vrb'.

(./chap2.vrb
Overfull \hbox (169.85501pt too wide) in paragraph at lines 11--11
[]\T1/lmtt/m/n/10.95 Warning: Using formula(x) is deprecated when x is a charac
ter vector of length > 1.[] 
 []


Overfull \hbox (3.14174pt too wide) in paragraph at lines 25--25
[]          \T1/lmtt/m/n/10.95 Estimate   Std. Error   t value     Pr(>|t|)[] 
 []


Overfull \hbox (3.14174pt too wide) in paragraph at lines 25--25
[]\T1/lmtt/m/n/10.95 mu     0.002290206 0.0004739852  4.831808 1.352984e-06[] 
 []


Overfull \hbox (3.14174pt too wide) in paragraph at lines 25--25
[]\T1/lmtt/m/n/10.95 omega  0.002509288 0.0008199825  3.060172 2.212096e-03[] 
 []


Overfull \hbox (3.14174pt too wide) in paragraph at lines 25--25
[]\T1/lmtt/m/n/10.95 alpha1 0.999999990 0.3677348660  2.719350 6.541026e-03[] 
 []


Overfull \hbox (3.14174pt too wide) in paragraph at lines 25--25
[]\T1/lmtt/m/n/10.95 shape  2.286381480 0.1179821323 19.379049 0.000000e+00[] 
 []


Overfull \hbox (3.14174pt too wide) in paragraph at lines 39--39
[]          \T1/lmtt/m/n/10.95 Estimate   Std. Error   t value     Pr(>|t|)[] 
 []


Overfull \hbox (3.14174pt too wide) in paragraph at lines 39--39
[]\T1/lmtt/m/n/10.95 mu     0.002287490 0.0004738717  4.827234 1.384422e-06[] 
 []


Overfull \hbox (3.14174pt too wide) in paragraph at lines 39--39
[]\T1/lmtt/m/n/10.95 omega  0.002465219 0.0008201576  3.005787 2.648943e-03[] 
 []


Overfull \hbox (3.14174pt too wide) in paragraph at lines 39--39
[]\T1/lmtt/m/n/10.95 alpha1 0.998999883 0.3808058193  2.623384 8.706109e-03[] 
 []


Overfull \hbox (3.14174pt too wide) in paragraph at lines 39--39
[]\T1/lmtt/m/n/10.95 shape  2.291507174 0.1233687554 18.574453 0.000000e+00[] 
 []

)
Overfull \vbox (18.99953pt too high) detected at line 723
 []

[39

]
\openout4 = `chap2.vrb'.

(./chap2.vrb
Overfull \hbox (54.88034pt too wide) in paragraph at lines 61--61
[] \T1/lmtt/m/n/10.95 garchFit(formula = ~garch(1, 0), data = rt, cond.dist = "
std",[] 
 []


Overfull \hbox (49.1316pt too wide) in paragraph at lines 61--61
[]\T1/lmtt/m/n/10.95 Signif. codes:  0 \TS1/lmtt/m/n/10.95 '\T1/lmtt/m/n/10.95 
***\TS1/lmtt/m/n/10.95 ' \T1/lmtt/m/n/10.95 0.001 \TS1/lmtt/m/n/10.95 '\T1/lmtt
/m/n/10.95 **\TS1/lmtt/m/n/10.95 ' \T1/lmtt/m/n/10.95 0.01 \TS1/lmtt/m/n/10.95 
'\T1/lmtt/m/n/10.95 *\TS1/lmtt/m/n/10.95 ' \T1/lmtt/m/n/10.95 0.05 \TS1/lmtt/m/
n/10.95 '\T1/lmtt/m/n/10.95 .\TS1/lmtt/m/n/10.95 ' \T1/lmtt/m/n/10.95 0.1 \TS1/
lmtt/m/n/10.95 ' ' \T1/lmtt/m/n/10.95 1[] 
 []


Overfull \hbox (3.14174pt too wide) in paragraph at lines 61--61
[] \T1/lmtt/m/n/10.95 Ljung-Box Test     R^2  Q(10)  36.2839   7.522355e-05[] 
 []


Overfull \hbox (3.14174pt too wide) in paragraph at lines 61--61
[] \T1/lmtt/m/n/10.95 Ljung-Box Test     R^2  Q(15)  38.19344  0.0008447584[] 
 []


Overfull \hbox (3.14174pt too wide) in paragraph at lines 61--61
[] \T1/lmtt/m/n/10.95 LM Arch Test       R    TR^2   36.09029  0.0003133419[] 
 []

)
Overfull \vbox (487.29128pt too high) detected at line 787
 []

[40

] [41

] [42

] [43

] [44

]
\openout4 = `chap2.vrb'.

(./chap2.vrb)
Overfull \vbox (34.32863pt too high) detected at line 844
 []

[45

] [46

] [47

] [48

] [49

] [50

]
Overfull \vbox (1.14497pt too high) detected at line 892
 []

[51

]pdfTeX warning (ext4): destination with the same identifier (name{le-moduxe8le
-garch}) has been already used, duplicate ignored
<to be read again> 
                   \relax 
l.892 \end{frame}
                 
Overfull \vbox (1.14497pt too high) detected at line 892
 []

[52

]pdfTeX warning (ext4): destination with the same identifier (name{le-moduxe8le
-garch}) has been already used, duplicate ignored
<to be read again> 
                   \relax 
l.892 \end{frame}
                 
Overfull \vbox (1.14497pt too high) detected at line 892
 []

[53

]pdfTeX warning (ext4): destination with the same identifier (name{le-moduxe8le
-garch}) has been already used, duplicate ignored
<to be read again> 
                   \relax 
l.892 \end{frame}
                 
Overfull \vbox (1.14497pt too high) detected at line 892
 []

[54

]pdfTeX warning (ext4): destination with the same identifier (name{le-moduxe8le
-garch}) has been already used, duplicate ignored
<to be read again> 
                   \relax 
l.892 \end{frame}
                 
Overfull \vbox (1.14497pt too high) detected at line 892
 []

[55

]pdfTeX warning (ext4): destination with the same identifier (name{le-moduxe8le
-garch}) has been already used, duplicate ignored
<to be read again> 
                   \relax 
l.892 \end{frame}
                 
Overfull \vbox (1.14497pt too high) detected at line 892
 []

[56

]pdfTeX warning (ext4): destination with the same identifier (name{le-moduxe8le
-garch}) has been already used, duplicate ignored
<to be read again> 
                   \relax 
l.892 \end{frame}
                 
Overfull \vbox (1.14497pt too high) detected at line 892
 []

[57

] [58

] [59

] [60

] [61

]
\openout4 = `chap2.vrb'.

(./chap2.vrb
Overfull \hbox (8.89047pt too wide) in paragraph at lines 14--14
[]           \T1/lmtt/m/n/10.95 Estimate   Std. Error   t value     Pr(>|t|)[] 

 []


Overfull \hbox (8.89047pt too wide) in paragraph at lines 14--14
[]\T1/lmtt/m/n/10.95 mu     2.182371e-03 6.334182e-04  3.445387 5.702419e-04[] 

 []


Overfull \hbox (8.89047pt too wide) in paragraph at lines 14--14
[]\T1/lmtt/m/n/10.95 omega  6.937465e-05 1.063513e-05  6.523160 6.884138e-11[] 

 []


Overfull \hbox (8.89047pt too wide) in paragraph at lines 14--14
[]\T1/lmtt/m/n/10.95 alpha1 1.339155e-01 1.523577e-02  8.789549 0.000000e+00[] 

 []


Overfull \hbox (8.89047pt too wide) in paragraph at lines 14--14
[]\T1/lmtt/m/n/10.95 beta1  8.365670e-01 1.548134e-02 54.037112 0.000000e+00[] 

 []


Overfull \hbox (8.89047pt too wide) in paragraph at lines 31--31
[]           \T1/lmtt/m/n/10.95 Estimate   Std. Error   t value     Pr(>|t|)[] 

 []


Overfull \hbox (8.89047pt too wide) in paragraph at lines 31--31
[]\T1/lmtt/m/n/10.95 mu     2.182108e-03 6.334382e-04  3.444864 5.713467e-04[] 

 []


Overfull \hbox (8.89047pt too wide) in paragraph at lines 31--31
[]\T1/lmtt/m/n/10.95 omega  6.933686e-05 1.066024e-05  6.504249 7.808243e-11[] 

 []


Overfull \hbox (8.89047pt too wide) in paragraph at lines 31--31
[]\T1/lmtt/m/n/10.95 alpha1 1.337894e-01 1.523686e-02  8.780639 0.000000e+00[] 

 []


Overfull \hbox (8.89047pt too wide) in paragraph at lines 31--31
[]\T1/lmtt/m/n/10.95 beta1  8.366535e-01 1.551168e-02 53.937005 0.000000e+00[] 

 []

) [62

]
\openout4 = `chap2.vrb'.

(./chap2.vrb
Overfull \hbox (8.89047pt too wide) in paragraph at lines 54--54
[] \T1/lmtt/m/n/10.95 garchFit(formula = ~garch(1, 1), data = rt, trace = F)[] 

 []


Overfull \hbox (49.1316pt too wide) in paragraph at lines 54--54
[]\T1/lmtt/m/n/10.95 Signif. codes:  0 \TS1/lmtt/m/n/10.95 '\T1/lmtt/m/n/10.95 
***\TS1/lmtt/m/n/10.95 ' \T1/lmtt/m/n/10.95 0.001 \TS1/lmtt/m/n/10.95 '\T1/lmtt
/m/n/10.95 **\TS1/lmtt/m/n/10.95 ' \T1/lmtt/m/n/10.95 0.01 \TS1/lmtt/m/n/10.95 
'\T1/lmtt/m/n/10.95 *\TS1/lmtt/m/n/10.95 ' \T1/lmtt/m/n/10.95 0.05 \TS1/lmtt/m/
n/10.95 '\T1/lmtt/m/n/10.95 .\TS1/lmtt/m/n/10.95 ' \T1/lmtt/m/n/10.95 0.1 \TS1/
lmtt/m/n/10.95 ' ' \T1/lmtt/m/n/10.95 1[] 
 []

)
Overfull \vbox (446.0537pt too high) detected at line 1001
 []

[63

]
\openout4 = `chap2.vrb'.

(./chap2.vrb
Overfull \hbox (20.38794pt too wide) in paragraph at lines 99--99
[]\T1/lmtt/m/n/10.95 Weighted Ljung-Box Test on Standardized Squared Residuals[
] 
 []

)
Overfull \vbox (1005.004pt too high) detected at line 1103
 []

[64

]
\openout4 = `chap2.vrb'.

(./chap2.vrb) [65

] [66

]
\tf@nav=\write6
\openout6 = `chap2.nav'.

\tf@toc=\write7
\openout7 = `chap2.toc'.

\tf@snm=\write8
\openout8 = `chap2.snm'.

(./chap2.aux) ) 
Here is how much of TeX's memory you used:
 23585 strings out of 480496
 438887 string characters out of 5899130
 786573 words of memory out of 5000000
 40434 multiletter control sequences out of 15000+600000
 485247 words of font info for 145 fonts, out of 8000000 for 9000
 14 hyphenation exceptions out of 8191
 101i,11n,108p,1002b,546s stack positions out of 5000i,500n,10000p,200000b,80000s
{c:/Users/User/AppData/Roaming/TinyTeX/texmf-dist/fonts/enc/dvip
s/lm/lm-ts1.enc}{c:/Users/User/AppData/Roaming/TinyTeX/texmf-dist/fonts/enc/dvi
ps/lm/lm-mathit.enc}{c:/Users/User/AppData/Roaming/TinyTeX/texmf-dist/fonts/enc
/dvips/lm/lm-ec.enc}{c:/Users/User/AppData/Roaming/TinyTeX/texmf-dist/fonts/enc
/dvips/lm/lm-rm.enc}{c:/Users/User/AppData/Roaming/TinyTeX/texmf-dist/fonts/enc
/dvips/lm/lm-mathex.enc}{c:/Users/User/AppData/Roaming/TinyTeX/texmf-dist/fonts
/enc/dvips/lm/lm-mathsy.enc}<c:/Users/User/AppData/Roaming/TinyTeX/texmf-dist/f
onts/type1/public/lm/lmex10.pfb><c:/Users/User/AppData/Roaming/TinyTeX/texmf-di
st/fonts/type1/public/lm/lmmi10.pfb><c:/Users/User/AppData/Roaming/TinyTeX/texm
f-dist/fonts/type1/public/lm/lmmi8.pfb><c:/Users/User/AppData/Roaming/TinyTeX/t
exmf-dist/fonts/type1/public/lm/lmss10.pfb><c:/Users/User/AppData/Roaming/TinyT
eX/texmf-dist/fonts/type1/public/lm/lmss12.pfb><c:/Users/User/AppData/Roaming/T
inyTeX/texmf-dist/fonts/type1/public/lm/lmss8.pfb><c:/Users/User/AppData/Roamin
g/TinyTeX/texmf-dist/fonts/type1/public/lm/lmssbx10.pfb><c:/Users/User/AppData/
Roaming/TinyTeX/texmf-dist/fonts/type1/public/lm/lmsso10.pfb><c:/Users/User/App
Data/Roaming/TinyTeX/texmf-dist/fonts/type1/public/lm/lmsso8.pfb><c:/Users/User
/AppData/Roaming/TinyTeX/texmf-dist/fonts/type1/public/lm/lmsy10.pfb><c:/Users/
User/AppData/Roaming/TinyTeX/texmf-dist/fonts/type1/public/lm/lmsy8.pfb><c:/Use
rs/User/AppData/Roaming/TinyTeX/texmf-dist/fonts/type1/public/lm/lmtt10.pfb><c:
/Users/User/AppData/Roaming/TinyTeX/texmf-dist/fonts/type1/public/lm/lmtti10.pf
b><c:/Users/User/AppData/Roaming/TinyTeX/texmf-dist/fonts/type1/public/amsfonts
/symbols/msam10.pfb><c:/Users/User/AppData/Roaming/TinyTeX/texmf-dist/fonts/typ
e1/public/amsfonts/symbols/msbm10.pfb>
Output written on chap2.pdf (66 pages, 333725 bytes).
PDF statistics:
 518 PDF objects out of 1000 (max. 8388607)
 400 compressed objects within 4 object streams
 142 named destinations out of 1000 (max. 500000)
 49210 words of extra memory for PDF output out of 51595 (max. 10000000)

